<?xml version="1.0" encoding="UTF-8"?>
<robot generator="Robot 6.1.1 (Python 3.12.2 on win32)" generated="20241127 00:04:39.248" rpa="false" schemaversion="4">
<suite id="s1" name="Tests" source="C:\kurssit\ohtu\ohtu2\osa3\login-robot\src\tests">
<suite id="s1-s1" name="Login" source="C:\kurssit\ohtu\ohtu2\osa3\login-robot\src\tests\login.robot">
<test id="s1-s1-t1" name="Login With Correct Credentials" line="7">
<kw name="Create User And Input Login Command" type="SETUP">
<kw name="Create User" library="AppLibrary">
<arg>kalle</arg>
<arg>kalle123</arg>
<status status="PASS" starttime="20241127 00:04:39.282" endtime="20241127 00:04:39.282"/>
</kw>
<kw name="Input Login Command" library="resource">
<kw name="Input" library="AppLibrary">
<arg>login</arg>
<status status="PASS" starttime="20241127 00:04:39.282" endtime="20241127 00:04:39.282"/>
</kw>
<status status="PASS" starttime="20241127 00:04:39.282" endtime="20241127 00:04:39.282"/>
</kw>
<status status="PASS" starttime="20241127 00:04:39.282" endtime="20241127 00:04:39.282"/>
</kw>
<kw name="Input Credentials" library="resource">
<arg>kalle</arg>
<arg>kalle123</arg>
<kw name="Input" library="AppLibrary">
<arg>${username}</arg>
<status status="PASS" starttime="20241127 00:04:39.282" endtime="20241127 00:04:39.282"/>
</kw>
<kw name="Input" library="AppLibrary">
<arg>${password}</arg>
<status status="PASS" starttime="20241127 00:04:39.282" endtime="20241127 00:04:39.282"/>
</kw>
<kw name="Run Application" library="AppLibrary">
<status status="PASS" starttime="20241127 00:04:39.282" endtime="20241127 00:04:39.282"/>
</kw>
<status status="PASS" starttime="20241127 00:04:39.282" endtime="20241127 00:04:39.282"/>
</kw>
<kw name="Output Should Contain" library="AppLibrary">
<arg>Logged in</arg>
<status status="PASS" starttime="20241127 00:04:39.282" endtime="20241127 00:04:39.282"/>
</kw>
<status status="PASS" starttime="20241127 00:04:39.282" endtime="20241127 00:04:39.282"/>
</test>
<test id="s1-s1-t2" name="Login With Incorrect Password" line="11">
<kw name="Create User And Input Login Command" type="SETUP">
<kw name="Create User" library="AppLibrary">
<arg>kalle</arg>
<arg>kalle123</arg>
<status status="PASS" starttime="20241127 00:04:39.282" endtime="20241127 00:04:39.282"/>
</kw>
<kw name="Input Login Command" library="resource">
<kw name="Input" library="AppLibrary">
<arg>login</arg>
<status status="PASS" starttime="20241127 00:04:39.282" endtime="20241127 00:04:39.282"/>
</kw>
<status status="PASS" starttime="20241127 00:04:39.282" endtime="20241127 00:04:39.282"/>
</kw>
<status status="PASS" starttime="20241127 00:04:39.282" endtime="20241127 00:04:39.282"/>
</kw>
<kw name="Input Credentials" library="resource">
<arg>kalle</arg>
<arg>wrong_password</arg>
<kw name="Input" library="AppLibrary">
<arg>${username}</arg>
<status status="PASS" starttime="20241127 00:04:39.282" endtime="20241127 00:04:39.282"/>
</kw>
<kw name="Input" library="AppLibrary">
<arg>${password}</arg>
<status status="PASS" starttime="20241127 00:04:39.282" endtime="20241127 00:04:39.282"/>
</kw>
<kw name="Run Application" library="AppLibrary">
<status status="PASS" starttime="20241127 00:04:39.282" endtime="20241127 00:04:39.282"/>
</kw>
<status status="PASS" starttime="20241127 00:04:39.282" endtime="20241127 00:04:39.282"/>
</kw>
<kw name="Output Should Contain" library="AppLibrary">
<arg>Invalid username or password</arg>
<status status="PASS" starttime="20241127 00:04:39.282" endtime="20241127 00:04:39.282"/>
</kw>
<status status="PASS" starttime="20241127 00:04:39.282" endtime="20241127 00:04:39.282"/>
</test>
<test id="s1-s1-t3" name="Login With Nonexistent Username" line="15">
<kw name="Create User And Input Login Command" type="SETUP">
<kw name="Create User" library="AppLibrary">
<arg>kalle</arg>
<arg>kalle123</arg>
<status status="PASS" starttime="20241127 00:04:39.282" endtime="20241127 00:04:39.282"/>
</kw>
<kw name="Input Login Command" library="resource">
<kw name="Input" library="AppLibrary">
<arg>login</arg>
<status status="PASS" starttime="20241127 00:04:39.282" endtime="20241127 00:04:39.282"/>
</kw>
<status status="PASS" starttime="20241127 00:04:39.282" endtime="20241127 00:04:39.282"/>
</kw>
<status status="PASS" starttime="20241127 00:04:39.282" endtime="20241127 00:04:39.282"/>
</kw>
<kw name="Input Credentials" library="resource">
<arg>nonexistent_user</arg>
<arg>some_password</arg>
<kw name="Input" library="AppLibrary">
<arg>${username}</arg>
<status status="PASS" starttime="20241127 00:04:39.294" endtime="20241127 00:04:39.294"/>
</kw>
<kw name="Input" library="AppLibrary">
<arg>${password}</arg>
<status status="PASS" starttime="20241127 00:04:39.294" endtime="20241127 00:04:39.294"/>
</kw>
<kw name="Run Application" library="AppLibrary">
<status status="PASS" starttime="20241127 00:04:39.294" endtime="20241127 00:04:39.294"/>
</kw>
<status status="PASS" starttime="20241127 00:04:39.282" endtime="20241127 00:04:39.294"/>
</kw>
<kw name="Output Should Contain" library="AppLibrary">
<arg>Invalid username or password</arg>
<status status="PASS" starttime="20241127 00:04:39.294" endtime="20241127 00:04:39.294"/>
</kw>
<status status="PASS" starttime="20241127 00:04:39.282" endtime="20241127 00:04:39.294"/>
</test>
<status status="PASS" starttime="20241127 00:04:39.270" endtime="20241127 00:04:39.294"/>
</suite>
<suite id="s1-s2" name="Register" source="C:\kurssit\ohtu\ohtu2\osa3\login-robot\src\tests\register.robot">
<test id="s1-s2-t1" name="Register With Valid Username And Password" line="7">
<kw name="Input New Command" library="resource" type="SETUP">
<kw name="Input" library="AppLibrary">
<arg>new</arg>
<status status="PASS" starttime="20241127 00:04:39.294" endtime="20241127 00:04:39.294"/>
</kw>
<status status="PASS" starttime="20241127 00:04:39.294" endtime="20241127 00:04:39.294"/>
</kw>
<kw name="Input" library="AppLibrary">
<arg>Credentials</arg>
<arg>validuser</arg>
<arg>Valid123!</arg>
<msg timestamp="20241127 00:04:39.298" level="FAIL">Keyword 'AppLibrary.Input' expected 1 argument, got 3.</msg>
<status status="FAIL" starttime="20241127 00:04:39.294" endtime="20241127 00:04:39.298"/>
</kw>
<kw name="Output Should Contain" library="AppLibrary">
<arg>Registration successful</arg>
<status status="NOT RUN" starttime="20241127 00:04:39.298" endtime="20241127 00:04:39.298"/>
</kw>
<status status="FAIL" starttime="20241127 00:04:39.294" endtime="20241127 00:04:39.298">Keyword 'AppLibrary.Input' expected 1 argument, got 3.</status>
</test>
<status status="FAIL" starttime="20241127 00:04:39.294" endtime="20241127 00:04:39.298"/>
</suite>
<status status="FAIL" starttime="20241127 00:04:39.262" endtime="20241127 00:04:39.298"/>
</suite>
<statistics>
<total>
<stat pass="3" fail="1" skip="0">All Tests</stat>
</total>
<tag>
</tag>
<suite>
<stat pass="3" fail="1" skip="0" id="s1" name="Tests">Tests</stat>
<stat pass="3" fail="0" skip="0" id="s1-s1" name="Login">Tests.Login</stat>
<stat pass="0" fail="1" skip="0" id="s1-s2" name="Register">Tests.Register</stat>
</suite>
</statistics>
<errors>
</errors>
</robot>
